C51 COMPILER V9.60.0.0   UARTMODE1                                                         05/29/2023 21:23:03 PAGE 1   


C51 COMPILER V9.60.0.0, COMPILATION OF MODULE UARTMODE1
OBJECT MODULE PLACED IN .\Objects\UartMode1.obj
COMPILER INVOKED BY: D:\Keil_v5\C51\BIN\C51.EXE UartMode1.c OMF2 OPTIMIZE(8,SPEED) BROWSE DEBUG PRINT(.\Listings\UartMod
                    -e1.lst) TABS(2) OBJECT(.\Objects\UartMode1.obj)

line level    source

   1          //thu vien giao tiep UART Kim Nhut Hoang 10DHDT1
   2          
   3          #include <REGX52.H>
   4          #include "UartMode1.h"
   5          
   6          void uart_init(){    //khoi tao giao tiep uart
   7   1        TMOD |= 0x20;       // timer 1 che do 2 tu dong nap lai 8 bit
   8   1        TH1  = 0xFD;         // nap gia tri toc do baud 9600 thach anh 11.0592 MHz
   9   1        SCON = 0x50;            
  10   1        TR1  = 1;
  11   1      }
  12          void uart_isrInit()
  13          {
  14   1        EA = 1; ES = 1;
  15   1      }
  16          void uart_write(char c){ //gui 1 ky tu ra
  17   1        SBUF = c;
  18   1        while(TI==0);
  19   1        TI = 0;
  20   1      }
  21          void uart_write_text(char *str){ // gui chuoi ky tu ra
  22   1        unsigned char i=0;
  23   1        ES = 0;
  24   1        while(str[i]!='\0'){
  25   2          uart_write(str[i]);
  26   2          i++;
  27   2        } 
  28   1        ES = 1;
  29   1      }
  30          void uart_write_number(char num)
  31          {
  32   1        uart_write(num+0x30);
  33   1      }
  34          
  35          char uart_data_ready(){return RI;}   //san sang nhan data
  36          
  37          unsigned char uart_read() //nhan va doc data tu sbuf
  38          {
  39   1        unsigned char byte=0;
  40   1        if(RI==1)
  41   1        {
  42   2          RI=0; 
  43   2          byte = SBUF;
  44   2          return byte;
  45   2        }
  46   1        else 
  47   1        {
  48   2          return 0;
  49   2        }
  50   1      } 


MODULE INFORMATION:   STATIC OVERLAYABLE
   CODE SIZE        =     85    ----
C51 COMPILER V9.60.0.0   UARTMODE1                                                         05/29/2023 21:23:03 PAGE 2   

   CONSTANT SIZE    =   ----    ----
   XDATA SIZE       =   ----    ----
   PDATA SIZE       =   ----    ----
   DATA SIZE        =   ----       3
   IDATA SIZE       =   ----    ----
   BIT SIZE         =   ----    ----
   EDATA SIZE       =   ----    ----
   HDATA SIZE       =   ----    ----
   XDATA CONST SIZE =   ----    ----
   FAR CONST SIZE   =   ----    ----
END OF MODULE INFORMATION.


C51 COMPILATION COMPLETE.  0 WARNING(S),  0 ERROR(S)
